<?xml version="1.0" encoding="UTF-8"?>
<!-- Generated by org.testng.reporters.JUnitReportReporter -->
<testsuite hostname="DESKTOP-46IBGML" failures="0" tests="1" name="com.qa.Testscripts.TC_Search_01" time="11.617" errors="0" timestamp="2022-12-12T12:17:37 IST" skipped="0">
  <testcase classname="com.qa.Testscripts.TC_Search_01" name="start" time="11.617"/>
  <system-out/>
</testsuite> <!-- com.qa.Testscripts.TC_Search_01 -->
